<?xml version="1.0" encoding="UTF-8"?>
<testng-results ignored="0" total="3" passed="3" failed="0" skipped="0">
  <reporter-output>
  </reporter-output>
  <suite started-at="2023-06-14T17:02:38 IST" name="Default suite" finished-at="2023-06-14T17:02:48 IST" duration-ms="10707">
    <groups>
    </groups>
    <test started-at="2023-06-14T17:02:38 IST" name="Default test" finished-at="2023-06-14T17:02:48 IST" duration-ms="10707">
      <class name="sampleApiBDD.sampleApiBDD.GetReq">
        <test-method signature="getFirstNameAndEmail()[pri:0, instance:sampleApiBDD.sampleApiBDD.GetReq@6631f5ca]" started-at="2023-06-14T17:02:38 IST" name="getFirstNameAndEmail" finished-at="2023-06-14T17:02:43 IST" duration-ms="5158" status="PASS">
          <reporter-output>
          </reporter-output>
        </test-method> <!-- getFirstNameAndEmail -->
        <test-method signature="userDetailsPerId()[pri:0, instance:sampleApiBDD.sampleApiBDD.GetReq@6631f5ca]" started-at="2023-06-14T17:02:43 IST" name="userDetailsPerId" finished-at="2023-06-14T17:02:48 IST" duration-ms="5248" status="PASS">
          <reporter-output>
          </reporter-output>
        </test-method> <!-- userDetailsPerId -->
        <test-method signature="validateResponseCode()[pri:0, instance:sampleApiBDD.sampleApiBDD.GetReq@6631f5ca]" started-at="2023-06-14T17:02:48 IST" name="validateResponseCode" finished-at="2023-06-14T17:02:48 IST" duration-ms="192" status="PASS">
          <reporter-output>
          </reporter-output>
        </test-method> <!-- validateResponseCode -->
      </class> <!-- sampleApiBDD.sampleApiBDD.GetReq -->
    </test> <!-- Default test -->
  </suite> <!-- Default suite -->
</testng-results>
