<?xml version="1.0" encoding="UTF-8"?>
<!-- Generated by org.testng.reporters.JUnitXMLReporter -->
<testsuite ignored="0" hostname="DESKTOP-A7UJ949" failures="0" tests="9" name="API Assesment" time="14.813" errors="0" timestamp="2023-05-25T19:57:12 IST">
  <testcase classname="sampleApiBDD.sampleApiBDD.GetReq" name="getFirstNameAndEmail" time="5.697"/>
  <testcase classname="sampleApiBDD.sampleApiBDD.GetReq" name="userDetailsPerId" time="3.876"/>
  <testcase classname="sampleApiBDD.sampleApiBDD.GetReq" name="validateResponseCode" time="0.384"/>
  <testcase classname="sampleApiBDD.sampleApiBDD.PostReq" name="postRequest" time="0.892"/>
  <testcase classname="sampleApiBDD.sampleApiBDD.PostReq" name="retrieveNewId" time="0.977"/>
  <testcase classname="sampleApiBDD.sampleApiBDD.PostReq" name="validateUser" time="0.716"/>
  <testcase classname="sampleApiBDD.sampleApiBDD.PutReq" name="createNewUser" time="0.761"/>
  <testcase classname="sampleApiBDD.sampleApiBDD.PutReq" name="updateUser" time="0.734"/>
  <testcase classname="sampleApiBDD.sampleApiBDD.PutReq" name="validateUpdatedUser" time="0.68"/>
</testsuite> <!-- API Assesment -->
