<?xml version="1.0" encoding="UTF-8"?>
<testng-results ignored="0" total="0" passed="0" failed="0" skipped="0">
  <reporter-output>
  </reporter-output>
  <suite started-at="2023-03-27T21:35:21 IST" name="com.sampletest.mavenproject.MyTest" finished-at="2023-03-27T21:35:21 IST" duration-ms="16">
    <groups>
    </groups>
    <test started-at="2023-03-27T21:35:21 IST" name="Command line test" finished-at="2023-03-27T21:35:21 IST" duration-ms="16">
    </test> <!-- Command line test -->
  </suite> <!-- com.sampletest.mavenproject.MyTest -->
</testng-results>
