<?xml version="1.0" encoding="UTF-8"?>
<!-- Generated by org.testng.reporters.JUnitXMLReporter -->
<testsuite ignored="0" hostname="DESKTOP-A7UJ949" failures="0" tests="3" name="Default test" time="10.707" errors="0" timestamp="2023-06-14T17:02:48 IST">
  <testcase classname="sampleApiBDD.sampleApiBDD.GetReq" name="getFirstNameAndEmail" time="5.158"/>
  <testcase classname="sampleApiBDD.sampleApiBDD.GetReq" name="userDetailsPerId" time="5.248"/>
  <testcase classname="sampleApiBDD.sampleApiBDD.GetReq" name="validateResponseCode" time="0.192"/>
</testsuite> <!-- Default test -->
